{"uuid":"bdeea72b-d7a0-417e-82f3-22b0db2767e5","historyId":"807984a8ed690cd6cb3590dbdc69a1e","testCaseId":"6fc2c065642e3b70261f99d17f27479d","fullName":"src/test/resources/features/2-profile.feature:8","labels":[{"name":"tag","value":"scenario2"},{"name":"host","value":"TheLastMVK"},{"name":"thread","value":"29204@TheLastMVK.main(1)"},{"name":"feature","value":"Profile User"},{"name":"story","value":"create a solicitud with tupa 16"},{"name":"suite","value":"Profile User"},{"name":"testClass","value":"create a solicitud with tupa 16"},{"name":"framework","value":"cucumber4jvm"},{"name":"language","value":"java"},{"name":"gherkin_uri","value":"file:///C:/Workspace/SeleniumWebDriver/ProyectoMercanciasRestringidas/src/test/resources/features/2-profile.feature"},{"name":"package","value":"src.test.resources.features.2-profile_feature.Profile User"}],"links":[],"name":"create a solicitud with tupa 16","status":"broken","statusDetails":{"known":false,"muted":false,"flaky":false,"message":"no such element: Unable to locate element: {\"method\":\"xpath\",\"selector\":\"//*[@id=\"swal2-title\"]\"}\n  (Session info: chrome=113.0.5672.63)\nFor documentation on this error, please visit: https://www.selenium.dev/documentation/webdriver/troubleshooting/errors#no-such-element-exception\nBuild info: version: '4.22.0', revision: 'c5f3146703*'\nSystem info: os.name: 'Windows 11', os.arch: 'amd64', os.version: '10.0', java.version: '18.0.2.1'\nDriver info: org.openqa.selenium.chrome.ChromeDriver\nCommand: [93141ea086fd5593b6fa845d70f8ba7c, findElement {using=xpath, value=//*[@id=\"swal2-title\"]}]\nCapabilities {acceptInsecureCerts: false, browserName: chrome, browserVersion: 113.0.5672.63, chrome: {chromedriverVersion: 113.0.5672.63 (0e1a4471d5ae..., userDataDir: C:\\Users\\ingjo\\AppData\\Loca...}, goog:chromeOptions: {debuggerAddress: localhost:54893}, networkConnectionEnabled: false, pageLoadStrategy: normal, platformName: windows, proxy: Proxy(), se:cdp: ws://localhost:54893/devtoo..., se:cdpVersion: 113.0.5672.63, setWindowRect: true, strictFileInteractability: false, timeouts: {implicit: 0, pageLoad: 300000, script: 30000}, unhandledPromptBehavior: dismiss and notify, webauthn:extension:credBlob: true, webauthn:extension:largeBlob: true, webauthn:extension:minPinLength: true, webauthn:extension:prf: true, webauthn:virtualAuthenticators: true}\nSession ID: 93141ea086fd5593b6fa845d70f8ba7c","trace":"org.openqa.selenium.NoSuchElementException: no such element: Unable to locate element: {\"method\":\"xpath\",\"selector\":\"//*[@id=\"swal2-title\"]\"}\n  (Session info: chrome=113.0.5672.63)\nFor documentation on this error, please visit: https://www.selenium.dev/documentation/webdriver/troubleshooting/errors#no-such-element-exception\nBuild info: version: '4.22.0', revision: 'c5f3146703*'\nSystem info: os.name: 'Windows 11', os.arch: 'amd64', os.version: '10.0', java.version: '18.0.2.1'\nDriver info: org.openqa.selenium.chrome.ChromeDriver\nCommand: [93141ea086fd5593b6fa845d70f8ba7c, findElement {using=xpath, value=//*[@id=\"swal2-title\"]}]\nCapabilities {acceptInsecureCerts: false, browserName: chrome, browserVersion: 113.0.5672.63, chrome: {chromedriverVersion: 113.0.5672.63 (0e1a4471d5ae..., userDataDir: C:\\Users\\ingjo\\AppData\\Loca...}, goog:chromeOptions: {debuggerAddress: localhost:54893}, networkConnectionEnabled: false, pageLoadStrategy: normal, platformName: windows, proxy: Proxy(), se:cdp: ws://localhost:54893/devtoo..., se:cdpVersion: 113.0.5672.63, setWindowRect: true, strictFileInteractability: false, timeouts: {implicit: 0, pageLoad: 300000, script: 30000}, unhandledPromptBehavior: dismiss and notify, webauthn:extension:credBlob: true, webauthn:extension:largeBlob: true, webauthn:extension:minPinLength: true, webauthn:extension:prf: true, webauthn:virtualAuthenticators: true}\nSession ID: 93141ea086fd5593b6fa845d70f8ba7c\r\n\tat java.base/jdk.internal.reflect.DirectConstructorHandleAccessor.newInstance(DirectConstructorHandleAccessor.java:67)\r\n\tat java.base/java.lang.reflect.Constructor.newInstanceWithCaller(Constructor.java:499)\r\n\tat java.base/java.lang.reflect.Constructor.newInstance(Constructor.java:483)\r\n\tat org.openqa.selenium.remote.ErrorCodec.decode(ErrorCodec.java:167)\r\n\tat org.openqa.selenium.remote.codec.w3c.W3CHttpResponseCodec.decode(W3CHttpResponseCodec.java:138)\r\n\tat org.openqa.selenium.remote.codec.w3c.W3CHttpResponseCodec.decode(W3CHttpResponseCodec.java:50)\r\n\tat org.openqa.selenium.remote.HttpCommandExecutor.execute(HttpCommandExecutor.java:190)\r\n\tat org.openqa.selenium.remote.service.DriverCommandExecutor.invokeExecute(DriverCommandExecutor.java:216)\r\n\tat org.openqa.selenium.remote.service.DriverCommandExecutor.execute(DriverCommandExecutor.java:174)\r\n\tat org.openqa.selenium.remote.RemoteWebDriver.execute(RemoteWebDriver.java:518)\r\n\tat org.openqa.selenium.remote.ElementLocation$ElementFinder$2.findElement(ElementLocation.java:165)\r\n\tat org.openqa.selenium.remote.ElementLocation.findElement(ElementLocation.java:59)\r\n\tat org.openqa.selenium.remote.RemoteWebDriver.findElement(RemoteWebDriver.java:355)\r\n\tat org.openqa.selenium.remote.RemoteWebDriver.findElement(RemoteWebDriver.java:349)\r\n\tat com.authenticacion.steps.StepsGeneralUser.user_can_see_solicitud_transmitida_exitosamente_message(StepsGeneralUser.java:106)\r\n\tat ✽.user can see solicitud transmitida exitosamente message(file:///C:/Workspace/SeleniumWebDriver/ProyectoMercanciasRestringidas/src/test/resources/features/2-profile.feature:13)\r\n"},"stage":"finished","description":"  As i user\n  I want to select a profile\n  So that ...","steps":[{"name":"Given page of MR2 is all ready","status":"passed","statusDetails":{"known":false,"muted":false,"flaky":false},"stage":"finished","steps":[],"attachments":[],"parameters":[],"start":1728276636702,"stop":1728276638737},{"name":"When user select iniciar solicitud button","status":"passed","statusDetails":{"known":false,"muted":false,"flaky":false},"stage":"finished","steps":[],"attachments":[],"parameters":[],"start":1728276638737,"stop":1728276638833},{"name":"And user select ipen entity","status":"passed","statusDetails":{"known":false,"muted":false,"flaky":false},"stage":"finished","steps":[],"attachments":[],"parameters":[],"start":1728276638833,"stop":1728276639119},{"name":"And register new solicitud","status":"passed","statusDetails":{"known":false,"muted":false,"flaky":false},"stage":"finished","steps":[],"attachments":[],"parameters":[],"start":1728276639119,"stop":1728276646350},{"name":"Then user can see solicitud transmitida exitosamente message","status":"broken","statusDetails":{"known":false,"muted":false,"flaky":false,"message":"no such element: Unable to locate element: {\"method\":\"xpath\",\"selector\":\"//*[@id=\"swal2-title\"]\"}\n  (Session info: chrome=113.0.5672.63)\nFor documentation on this error, please visit: https://www.selenium.dev/documentation/webdriver/troubleshooting/errors#no-such-element-exception\nBuild info: version: '4.22.0', revision: 'c5f3146703*'\nSystem info: os.name: 'Windows 11', os.arch: 'amd64', os.version: '10.0', java.version: '18.0.2.1'\nDriver info: org.openqa.selenium.chrome.ChromeDriver\nCommand: [93141ea086fd5593b6fa845d70f8ba7c, findElement {using=xpath, value=//*[@id=\"swal2-title\"]}]\nCapabilities {acceptInsecureCerts: false, browserName: chrome, browserVersion: 113.0.5672.63, chrome: {chromedriverVersion: 113.0.5672.63 (0e1a4471d5ae..., userDataDir: C:\\Users\\ingjo\\AppData\\Loca...}, goog:chromeOptions: {debuggerAddress: localhost:54893}, networkConnectionEnabled: false, pageLoadStrategy: normal, platformName: windows, proxy: Proxy(), se:cdp: ws://localhost:54893/devtoo..., se:cdpVersion: 113.0.5672.63, setWindowRect: true, strictFileInteractability: false, timeouts: {implicit: 0, pageLoad: 300000, script: 30000}, unhandledPromptBehavior: dismiss and notify, webauthn:extension:credBlob: true, webauthn:extension:largeBlob: true, webauthn:extension:minPinLength: true, webauthn:extension:prf: true, webauthn:virtualAuthenticators: true}\nSession ID: 93141ea086fd5593b6fa845d70f8ba7c","trace":"org.openqa.selenium.NoSuchElementException: no such element: Unable to locate element: {\"method\":\"xpath\",\"selector\":\"//*[@id=\"swal2-title\"]\"}\n  (Session info: chrome=113.0.5672.63)\nFor documentation on this error, please visit: https://www.selenium.dev/documentation/webdriver/troubleshooting/errors#no-such-element-exception\nBuild info: version: '4.22.0', revision: 'c5f3146703*'\nSystem info: os.name: 'Windows 11', os.arch: 'amd64', os.version: '10.0', java.version: '18.0.2.1'\nDriver info: org.openqa.selenium.chrome.ChromeDriver\nCommand: [93141ea086fd5593b6fa845d70f8ba7c, findElement {using=xpath, value=//*[@id=\"swal2-title\"]}]\nCapabilities {acceptInsecureCerts: false, browserName: chrome, browserVersion: 113.0.5672.63, chrome: {chromedriverVersion: 113.0.5672.63 (0e1a4471d5ae..., userDataDir: C:\\Users\\ingjo\\AppData\\Loca...}, goog:chromeOptions: {debuggerAddress: localhost:54893}, networkConnectionEnabled: false, pageLoadStrategy: normal, platformName: windows, proxy: Proxy(), se:cdp: ws://localhost:54893/devtoo..., se:cdpVersion: 113.0.5672.63, setWindowRect: true, strictFileInteractability: false, timeouts: {implicit: 0, pageLoad: 300000, script: 30000}, unhandledPromptBehavior: dismiss and notify, webauthn:extension:credBlob: true, webauthn:extension:largeBlob: true, webauthn:extension:minPinLength: true, webauthn:extension:prf: true, webauthn:virtualAuthenticators: true}\nSession ID: 93141ea086fd5593b6fa845d70f8ba7c\r\n\tat java.base/jdk.internal.reflect.DirectConstructorHandleAccessor.newInstance(DirectConstructorHandleAccessor.java:67)\r\n\tat java.base/java.lang.reflect.Constructor.newInstanceWithCaller(Constructor.java:499)\r\n\tat java.base/java.lang.reflect.Constructor.newInstance(Constructor.java:483)\r\n\tat org.openqa.selenium.remote.ErrorCodec.decode(ErrorCodec.java:167)\r\n\tat org.openqa.selenium.remote.codec.w3c.W3CHttpResponseCodec.decode(W3CHttpResponseCodec.java:138)\r\n\tat org.openqa.selenium.remote.codec.w3c.W3CHttpResponseCodec.decode(W3CHttpResponseCodec.java:50)\r\n\tat org.openqa.selenium.remote.HttpCommandExecutor.execute(HttpCommandExecutor.java:190)\r\n\tat org.openqa.selenium.remote.service.DriverCommandExecutor.invokeExecute(DriverCommandExecutor.java:216)\r\n\tat org.openqa.selenium.remote.service.DriverCommandExecutor.execute(DriverCommandExecutor.java:174)\r\n\tat org.openqa.selenium.remote.RemoteWebDriver.execute(RemoteWebDriver.java:518)\r\n\tat org.openqa.selenium.remote.ElementLocation$ElementFinder$2.findElement(ElementLocation.java:165)\r\n\tat org.openqa.selenium.remote.ElementLocation.findElement(ElementLocation.java:59)\r\n\tat org.openqa.selenium.remote.RemoteWebDriver.findElement(RemoteWebDriver.java:355)\r\n\tat org.openqa.selenium.remote.RemoteWebDriver.findElement(RemoteWebDriver.java:349)\r\n\tat com.authenticacion.steps.StepsGeneralUser.user_can_see_solicitud_transmitida_exitosamente_message(StepsGeneralUser.java:106)\r\n\tat ✽.user can see solicitud transmitida exitosamente message(file:///C:/Workspace/SeleniumWebDriver/ProyectoMercanciasRestringidas/src/test/resources/features/2-profile.feature:13)\r\n"},"stage":"finished","steps":[],"attachments":[],"parameters":[],"start":1728276646350,"stop":1728276661403}],"attachments":[],"parameters":[],"start":1728276636701,"stop":1728276661489}