<?xml version="1.0" encoding="UTF-8"?>
<testng-results ignored="0" total="2" passed="2" failed="0" skipped="0">
  <reporter-output>
  </reporter-output>
  <suite started-at="2024-11-29T00:06:52 PET" name="Default suite" finished-at="2024-11-29T00:07:35 PET" duration-ms="42763">
    <groups>
      <group name="cucumber">
        <method signature="AbstractTestNGCucumberTests.runScenario(io.cucumber.testng.PickleWrapper,io.cucumber.testng.FeatureWrapper)[pri:0, instance:com.mr.runner.CucumberRunner@4d9ac0b4]" name="runScenario" class="io.cucumber.testng.AbstractTestNGCucumberTests"/>
      </group> <!-- cucumber -->
    </groups>
    <test started-at="2024-11-29T00:06:52 PET" name="Default test" finished-at="2024-11-29T00:07:35 PET" duration-ms="42763">
      <class name="com.mr.runner.CucumberRunner">
        <test-method is-config="true" signature="setUpClass(org.testng.ITestContext)[pri:0, instance:com.mr.runner.CucumberRunner@4d9ac0b4]" started-at="2024-11-29T00:06:52 PET" name="setUpClass" finished-at="2024-11-29T00:06:53 PET" duration-ms="1639" status="PASS">
          <params>
            <param index="0">
              <value>
                <![CDATA[org.testng.TestRunner@3c46e6f6]]>
              </value>
            </param>
          </params>
          <reporter-output>
          </reporter-output>
        </test-method> <!-- setUpClass -->
        <test-method signature="runScenario(io.cucumber.testng.PickleWrapper,io.cucumber.testng.FeatureWrapper)[pri:0, instance:com.mr.runner.CucumberRunner@4d9ac0b4]" started-at="2024-11-29T00:06:53 PET" name="runScenario" description="Runs Cucumber Scenarios" data-provider="scenarios" finished-at="2024-11-29T00:06:58 PET" duration-ms="4773" status="PASS">
          <params>
            <param index="0">
              <value>
                <![CDATA["login a user"]]>
              </value>
            </param>
            <param index="1">
              <value>
                <![CDATA["Logear Usuario por Tipo Perfil"]]>
              </value>
            </param>
          </params>
          <reporter-output>
          </reporter-output>
        </test-method> <!-- runScenario -->
        <test-method signature="runScenario(io.cucumber.testng.PickleWrapper,io.cucumber.testng.FeatureWrapper)[pri:0, instance:com.mr.runner.CucumberRunner@4d9ac0b4]" started-at="2024-11-29T00:06:58 PET" name="runScenario" description="Runs Cucumber Scenarios" data-provider="scenarios" finished-at="2024-11-29T00:07:31 PET" duration-ms="33190" status="PASS">
          <params>
            <param index="0">
              <value>
                <![CDATA["create a solicitud with tupa 16"]]>
              </value>
            </param>
            <param index="1">
              <value>
                <![CDATA["Registrar una nueva Solicitud"]]>
              </value>
            </param>
          </params>
          <reporter-output>
          </reporter-output>
        </test-method> <!-- runScenario -->
        <test-method is-config="true" signature="tearDownClass()[pri:0, instance:com.mr.runner.CucumberRunner@4d9ac0b4]" started-at="2024-11-29T00:07:31 PET" name="tearDownClass" finished-at="2024-11-29T00:07:35 PET" duration-ms="3138" status="PASS">
          <reporter-output>
          </reporter-output>
        </test-method> <!-- tearDownClass -->
      </class> <!-- com.mr.runner.CucumberRunner -->
    </test> <!-- Default test -->
  </suite> <!-- Default suite -->
</testng-results>
